[main]2017-05-11 23:32:08,997 [WARN] - net.sf.ehcache.DiskStorePathManager.resolveAndLockIfNeeded(DiskStorePathManager.java:162):diskStorePath 'C:\Users\wengfj\AppData\Local\Temp' is already used by an existing CacheManager either in the same VM or in a different process.
The diskStore path for this CacheManager will be set to C:\Users\wengfj\AppData\Local\Temp\ehcache_auto_created2484057546627560012diskstore.
To avoid this warning consider using the CacheManager factory methods to create a singleton CacheManager or specifying a separate ehcache configuration (ehcache.xml) for each CacheManager instance.
[main]2017-05-11 23:34:10,243 [WARN] - net.sf.ehcache.DiskStorePathManager.resolveAndLockIfNeeded(DiskStorePathManager.java:162):diskStorePath 'C:\Users\wengfj\AppData\Local\Temp' is already used by an existing CacheManager either in the same VM or in a different process.
The diskStore path for this CacheManager will be set to C:\Users\wengfj\AppData\Local\Temp\ehcache_auto_created4165548245607592558diskstore.
To avoid this warning consider using the CacheManager factory methods to create a singleton CacheManager or specifying a separate ehcache configuration (ehcache.xml) for each CacheManager instance.
[main]2017-05-11 23:35:03,214 [WARN] - net.sf.ehcache.DiskStorePathManager.resolveAndLockIfNeeded(DiskStorePathManager.java:162):diskStorePath 'C:\Users\wengfj\AppData\Local\Temp' is already used by an existing CacheManager either in the same VM or in a different process.
The diskStore path for this CacheManager will be set to C:\Users\wengfj\AppData\Local\Temp\ehcache_auto_created6297469772105583756diskstore.
To avoid this warning consider using the CacheManager factory methods to create a singleton CacheManager or specifying a separate ehcache configuration (ehcache.xml) for each CacheManager instance.
[main]2017-05-11 23:36:47,237 [WARN] - net.sf.ehcache.DiskStorePathManager.resolveAndLockIfNeeded(DiskStorePathManager.java:162):diskStorePath 'C:\Users\wengfj\AppData\Local\Temp' is already used by an existing CacheManager either in the same VM or in a different process.
The diskStore path for this CacheManager will be set to C:\Users\wengfj\AppData\Local\Temp\ehcache_auto_created1095519248126193774diskstore.
To avoid this warning consider using the CacheManager factory methods to create a singleton CacheManager or specifying a separate ehcache configuration (ehcache.xml) for each CacheManager instance.
[Thread-4]2017-05-11 23:36:49,841 [WARN] - io.netty.util.internal.logging.Slf4JLogger.warn(Slf4JLogger.java:146):Unknown channel option 'SO_SNDBUF' for channel '[id: 0xe9825f41]'
[Thread-4]2017-05-11 23:36:49,841 [WARN] - io.netty.util.internal.logging.Slf4JLogger.warn(Slf4JLogger.java:146):Unknown channel option 'SO_TIMEOUT' for channel '[id: 0xe9825f41]'
[Thread-4]2017-05-11 23:36:49,853 [WARN] - io.netty.util.internal.logging.Slf4JLogger.warn(Slf4JLogger.java:146):Unknown channel option 'TCP_NODELAY' for channel '[id: 0xe9825f41]'
[Thread-4]2017-05-11 23:36:49,853 [WARN] - io.netty.util.internal.logging.Slf4JLogger.warn(Slf4JLogger.java:146):Unknown channel option 'SO_KEEPALIVE' for channel '[id: 0xe9825f41]'
[Thread-4]2017-05-11 23:36:49,854 [ERROR] - org.anyway.server.dbase.SocketServer$1.run(SocketServer.java:65):Fail to open the socket service !Address already in use: bind
[main]2017-05-11 23:38:54,312 [WARN] - net.sf.ehcache.DiskStorePathManager.resolveAndLockIfNeeded(DiskStorePathManager.java:162):diskStorePath 'C:\Users\wengfj\AppData\Local\Temp' is already used by an existing CacheManager either in the same VM or in a different process.
The diskStore path for this CacheManager will be set to C:\Users\wengfj\AppData\Local\Temp\ehcache_auto_created924897828114568572diskstore.
To avoid this warning consider using the CacheManager factory methods to create a singleton CacheManager or specifying a separate ehcache configuration (ehcache.xml) for each CacheManager instance.
[Thread-4]2017-05-11 23:39:00,418 [WARN] - io.netty.util.internal.logging.Slf4JLogger.warn(Slf4JLogger.java:146):Unknown channel option 'SO_SNDBUF' for channel '[id: 0xe9d372ba]'
[Thread-4]2017-05-11 23:39:00,418 [WARN] - io.netty.util.internal.logging.Slf4JLogger.warn(Slf4JLogger.java:146):Unknown channel option 'SO_TIMEOUT' for channel '[id: 0xe9d372ba]'
[Thread-4]2017-05-11 23:39:00,418 [WARN] - io.netty.util.internal.logging.Slf4JLogger.warn(Slf4JLogger.java:146):Unknown channel option 'TCP_NODELAY' for channel '[id: 0xe9d372ba]'
[Thread-4]2017-05-11 23:39:00,418 [WARN] - io.netty.util.internal.logging.Slf4JLogger.warn(Slf4JLogger.java:146):Unknown channel option 'SO_KEEPALIVE' for channel '[id: 0xe9d372ba]'
[main]2017-05-11 23:43:07,147 [WARN] - net.sf.ehcache.DiskStorePathManager.resolveAndLockIfNeeded(DiskStorePathManager.java:162):diskStorePath 'C:\Users\wengfj\AppData\Local\Temp' is already used by an existing CacheManager either in the same VM or in a different process.
The diskStore path for this CacheManager will be set to C:\Users\wengfj\AppData\Local\Temp\ehcache_auto_created720001651689430701diskstore.
To avoid this warning consider using the CacheManager factory methods to create a singleton CacheManager or specifying a separate ehcache configuration (ehcache.xml) for each CacheManager instance.
[Thread-4]2017-05-11 23:43:08,780 [WARN] - io.netty.util.internal.logging.Slf4JLogger.warn(Slf4JLogger.java:146):Unknown channel option 'SO_SNDBUF' for channel '[id: 0x5d4d8416]'
[Thread-4]2017-05-11 23:43:08,780 [WARN] - io.netty.util.internal.logging.Slf4JLogger.warn(Slf4JLogger.java:146):Unknown channel option 'SO_TIMEOUT' for channel '[id: 0x5d4d8416]'
[Thread-4]2017-05-11 23:43:08,780 [WARN] - io.netty.util.internal.logging.Slf4JLogger.warn(Slf4JLogger.java:146):Unknown channel option 'TCP_NODELAY' for channel '[id: 0x5d4d8416]'
[Thread-4]2017-05-11 23:43:08,780 [WARN] - io.netty.util.internal.logging.Slf4JLogger.warn(Slf4JLogger.java:146):Unknown channel option 'SO_KEEPALIVE' for channel '[id: 0x5d4d8416]'
[main]2017-05-11 23:47:33,169 [WARN] - net.sf.ehcache.DiskStorePathManager.resolveAndLockIfNeeded(DiskStorePathManager.java:162):diskStorePath 'C:\Users\wengfj\AppData\Local\Temp' is already used by an existing CacheManager either in the same VM or in a different process.
The diskStore path for this CacheManager will be set to C:\Users\wengfj\AppData\Local\Temp\ehcache_auto_created3191826385388384267diskstore.
To avoid this warning consider using the CacheManager factory methods to create a singleton CacheManager or specifying a separate ehcache configuration (ehcache.xml) for each CacheManager instance.
[Thread-4]2017-05-11 23:47:34,753 [WARN] - io.netty.util.internal.logging.Slf4JLogger.warn(Slf4JLogger.java:146):Unknown channel option 'SO_SNDBUF' for channel '[id: 0x8e3c91e2]'
[Thread-4]2017-05-11 23:47:34,753 [WARN] - io.netty.util.internal.logging.Slf4JLogger.warn(Slf4JLogger.java:146):Unknown channel option 'SO_TIMEOUT' for channel '[id: 0x8e3c91e2]'
[Thread-4]2017-05-11 23:47:34,753 [WARN] - io.netty.util.internal.logging.Slf4JLogger.warn(Slf4JLogger.java:146):Unknown channel option 'TCP_NODELAY' for channel '[id: 0x8e3c91e2]'
[Thread-4]2017-05-11 23:47:34,753 [WARN] - io.netty.util.internal.logging.Slf4JLogger.warn(Slf4JLogger.java:146):Unknown channel option 'SO_KEEPALIVE' for channel '[id: 0x8e3c91e2]'
[main]2017-05-11 23:47:59,626 [WARN] - net.sf.ehcache.DiskStorePathManager.resolveAndLockIfNeeded(DiskStorePathManager.java:162):diskStorePath 'C:\Users\wengfj\AppData\Local\Temp' is already used by an existing CacheManager either in the same VM or in a different process.
The diskStore path for this CacheManager will be set to C:\Users\wengfj\AppData\Local\Temp\ehcache_auto_created6341277915895070544diskstore.
To avoid this warning consider using the CacheManager factory methods to create a singleton CacheManager or specifying a separate ehcache configuration (ehcache.xml) for each CacheManager instance.
[main]2017-05-11 23:49:06,737 [WARN] - net.sf.ehcache.DiskStorePathManager.resolveAndLockIfNeeded(DiskStorePathManager.java:162):diskStorePath 'C:\Users\wengfj\AppData\Local\Temp' is already used by an existing CacheManager either in the same VM or in a different process.
The diskStore path for this CacheManager will be set to C:\Users\wengfj\AppData\Local\Temp\ehcache_auto_created4074742560367542007diskstore.
To avoid this warning consider using the CacheManager factory methods to create a singleton CacheManager or specifying a separate ehcache configuration (ehcache.xml) for each CacheManager instance.
[Thread-4]2017-05-11 23:49:11,115 [WARN] - io.netty.util.internal.logging.Slf4JLogger.warn(Slf4JLogger.java:146):Unknown channel option 'SO_SNDBUF' for channel '[id: 0xdcd0163a]'
[Thread-4]2017-05-11 23:49:11,115 [WARN] - io.netty.util.internal.logging.Slf4JLogger.warn(Slf4JLogger.java:146):Unknown channel option 'SO_TIMEOUT' for channel '[id: 0xdcd0163a]'
[Thread-4]2017-05-11 23:49:11,115 [WARN] - io.netty.util.internal.logging.Slf4JLogger.warn(Slf4JLogger.java:146):Unknown channel option 'TCP_NODELAY' for channel '[id: 0xdcd0163a]'
[Thread-4]2017-05-11 23:49:11,115 [WARN] - io.netty.util.internal.logging.Slf4JLogger.warn(Slf4JLogger.java:146):Unknown channel option 'SO_KEEPALIVE' for channel '[id: 0xdcd0163a]'
[main]2017-05-11 23:52:53,820 [WARN] - net.sf.ehcache.DiskStorePathManager.resolveAndLockIfNeeded(DiskStorePathManager.java:162):diskStorePath 'C:\Users\wengfj\AppData\Local\Temp' is already used by an existing CacheManager either in the same VM or in a different process.
The diskStore path for this CacheManager will be set to C:\Users\wengfj\AppData\Local\Temp\ehcache_auto_created5533327679379276061diskstore.
To avoid this warning consider using the CacheManager factory methods to create a singleton CacheManager or specifying a separate ehcache configuration (ehcache.xml) for each CacheManager instance.
[Thread-4]2017-05-11 23:52:58,940 [WARN] - io.netty.util.internal.logging.Slf4JLogger.warn(Slf4JLogger.java:146):Unknown channel option 'SO_SNDBUF' for channel '[id: 0xad3fc83f]'
[Thread-4]2017-05-11 23:52:58,940 [WARN] - io.netty.util.internal.logging.Slf4JLogger.warn(Slf4JLogger.java:146):Unknown channel option 'SO_TIMEOUT' for channel '[id: 0xad3fc83f]'
[Thread-4]2017-05-11 23:52:58,940 [WARN] - io.netty.util.internal.logging.Slf4JLogger.warn(Slf4JLogger.java:146):Unknown channel option 'TCP_NODELAY' for channel '[id: 0xad3fc83f]'
[Thread-4]2017-05-11 23:52:58,940 [WARN] - io.netty.util.internal.logging.Slf4JLogger.warn(Slf4JLogger.java:146):Unknown channel option 'SO_KEEPALIVE' for channel '[id: 0xad3fc83f]'
